<?xml version='1.0'?>
<ns2:test-suite xmlns:ns2='urn:model.allure.qatools.yandex.ru' start='1738832154006' stop='1738832166084'>
    <name>Add comment on discussion section </name>
    <title>Add comment on discussion section </title>
    <test-cases>
        <test-case start='1738832154006' status='failed' stop='1738832166075'>
            <name>Clone Opportunity sucessfully</name>
            <title>Clone Opportunity sucessfully</title>
            <labels/>
            <parameters/>
            <steps/>
            <attachments/>
            <failure>
                <message>Timed out retrying after 4000ms: Expected to find element: `input[inputmode="email"]`, but never found it.</message>
                <stack-trace>AssertionError: Timed out retrying after 4000ms: Expected to find element: `input[inputmode="email"]`, but never found it.
                    at Context.eval (webpack://userjourney_automation/./cypress/e2e/tests2/Opportunity/cloneOpportunity.cy.js:16:9)</stack-trace>
            </failure>
        </test-case>
    </test-cases>
</ns2:test-suite>